make all --print-data-base --no-builtin-variables --no-builtin-rules --question
make: *** No rule to make target 'src/main.o', needed by 'main'.  Stop.
 
# GNU Make 4.2.1
# Built for x86_64-pc-linux-gnu
# Copyright (C) 1988-2016 Free Software Foundation, Inc.
# License GPLv3+: GNU GPL version 3 or later <http://gnu.org/licenses/gpl.html>
# This is free software: you are free to change and redistribute it.
# There is NO WARRANTY, to the extent permitted by law.

# Make data base, printed on Mon May 17 14:47:44 2021

# Variables

# automatic
<D = $(patsubst %/,%,$(dir $<))
# automatic
?F = $(notdir $?)
# default
.SHELLFLAGS := -c
# environment
XDG_SESSION_CLASS = user
# environment
VSCODE_AGENT_FOLDER = /home/dev/.vscode-server
# makefile (from 'Makefile', line 21)
SRC := src
# environment
XDG_SESSION_TYPE = tty
# environment
VSCODE_LOG_NATIVE = false
# automatic
?D = $(patsubst %/,%,$(dir $?))
# makefile (from 'Makefile', line 48)
INCLUDES := -Iinclude
# automatic
@D = $(patsubst %/,%,$(dir $@))
# automatic
@F = $(notdir $@)
# default
MAKE_VERSION := 4.2.1
# makefile
CURDIR := /home/dev/repositories/StaticCircularBuffer
# makefile
SHELL = /bin/sh
# makefile (from 'Makefile', line 43)
RM = rm -f
# environment
VSCODE_NLS_CONFIG = {"locale":"en","availableLanguages":{}}
# environment
_ = /home/dev/.vscode-server/bin/cfa2e218100323074ac1948c885448fdf4de2a7f/node
# makefile (from 'Makefile', line 10)
CFLAGS := -Wall -Wextra -g
# makefile (from 'Makefile', line 1)
MAKEFILE_LIST :=  Makefile
# 'override' directive
GNUMAKEFLAGS := 
# makefile (from 'Makefile', line 54)
SOURCES := src/main.c
# environment
XDG_DATA_DIRS = /usr/local/share:/usr/share:/var/lib/snapd/desktop
# environment
DBUS_SESSION_BUS_ADDRESS = unix:path=/run/user/1000/bus
# environment
VSCODE_VERBOSE_LOGGING = true
# environment
LESSOPEN = | /usr/bin/lesspipe %s
# environment
VSCODE_CWD = /home/dev
# environment
SSH_CONNECTION = 10.0.0.45 56764 10.0.0.100 22
# environment
PATH = /home/dev/.vscode-server/bin/cfa2e218100323074ac1948c885448fdf4de2a7f/bin:/home/dev/.vscode-server/bin/cfa2e218100323074ac1948c885448fdf4de2a7f/bin:/usr/local/sbin:/usr/local/bin:/usr/sbin:/usr/bin:/sbin:/bin:/usr/games:/usr/local/games:/snap/bin
# makefile (from 'Makefile', line 44)
MD := mkdir -p
# environment
XDG_RUNTIME_DIR = /run/user/1000
# makefile (from 'Makefile', line 41)
LIBDIRS := lib
# environment
VSCODE_LOG_STACK = false
# environment
VSCODE_IPC_HOOK_CLI = /run/user/1000/vscode-ipc-6c3aaf2b-a0cb-41ba-a7f0-2083a4d7394f.sock
# makefile (from 'Makefile', line 27)
LIB := lib
# default
.FEATURES := target-specific order-only second-expansion else-if shortest-stem undefine oneshell archives jobserver output-sync check-symlink load
# environment
LS_COLORS = 
# automatic
%F = $(notdir $%)
# environment
VSCODE_PIPE_LOGGING = true
# environment
PWD = /home/dev/repositories/StaticCircularBuffer
# makefile (from 'Makefile', line 65)
OUTPUTMAIN := output/main
# default
.LOADED := 
# automatic
*D = $(patsubst %/,%,$(dir $*))
# environment
VSCODE_AMD_ENTRYPOINT = vs/server/remoteExtensionHostProcess
# environment
HOME = /home/dev
# environment
LESSCLOSE = /usr/bin/lesspipe %s %s
# environment
LOGNAME = dev
# environment
APPLICATION_INSIGHTS_NO_DIAGNOSTIC_CHANNEL = true
# automatic
+F = $(notdir $+)
# makefile (from 'Makefile', line 40)
INCLUDEDIRS := include
# environment
VSCODE_HANDLES_UNCAUGHT_ERRORS = true
# automatic
^D = $(patsubst %/,%,$(dir $^))
# environment
MAKELEVEL := 0
# default
MAKE = $(MAKE_COMMAND)
# default
MAKECMDGOALS := all
# environment
SHLVL = 0
# makefile (from 'Makefile', line 42)
FIXPATH = $1
# makefile (from 'Makefile', line 7)
CC = gcc
# environment
XDG_SESSION_ID = 3
# environment
USER = dev
# makefile
.DEFAULT_GOAL := all
# makefile (from 'Makefile', line 24)
INCLUDE := include
# makefile (from 'Makefile', line 39)
SOURCEDIRS := src
# automatic
%D = $(patsubst %/,%,$(dir $%))
# makefile (from 'Makefile', line 15)
LFLAGS = 
# default
MAKE_COMMAND := make
# environment
OLDPWD = /home/dev/.vscode-server/bin/cfa2e218100323074ac1948c885448fdf4de2a7f
# default
.VARIABLES := 
# automatic
*F = $(notdir $*)
# makefile
MAKEFLAGS = pqrR
# environment
MFLAGS = -pqrR
# environment
SSH_CLIENT = 10.0.0.45 56764 22
# makefile (from 'Makefile', line 38)
MAIN := main
# automatic
+D = $(patsubst %/,%,$(dir $+))
# environment
BROWSER = /home/dev/.vscode-server/bin/cfa2e218100323074ac1948c885448fdf4de2a7f/bin/helpers/browser.sh
# makefile (from 'Makefile', line 18)
OUTPUT := output
# 'override' directive
.SHELLSTATUS := 0
# default
MAKEFILES := 
# automatic
<F = $(notdir $<)
# environment
LC_ALL = C
# makefile (from 'Makefile', line 51)
LIBS := -Llib
# automatic
^F = $(notdir $^)
# default
SUFFIXES := 
# default
.INCLUDE_DIRS = /usr/include /usr/local/include /usr/include
# environment
VSCODE_INJECT_NODE_MODULE_LOOKUP_PATH = /home/dev/.vscode-server/bin/cfa2e218100323074ac1948c885448fdf4de2a7f/remote/node_modules
# default
.RECIPEPREFIX := 
# makefile (from 'Makefile', line 57)
OBJECTS := src/main.o
# default
MAKE_HOST := x86_64-pc-linux-gnu
# environment
LANG = C
# environment
VSCODE_EXTHOST_WILL_SEND_SOCKET = true
# environment
MOTD_SHOWN = pam
# variable set hash-table stats:
# Load=91/1024=9%, Rehash=0, Collisions=11/144=8%

# Pattern-specific Variable Values

# No pattern-specific variable values.

# Directories

# . (device 64768, inode 1063639): 12 files, no impossibilities.
# src (device 64768, inode 1063690): 4 files, no impossibilities.

# 16 files, no impossibilities in 2 directories.

# Implicit Rules

# No implicit rules.

# Files

all: output main
#  Command line target.
#  Implicit rule search has not been done.
#  File does not exist.
#  File has not been updated.
#  recipe to execute (from 'Makefile', line 68):
	@echo Executing 'all' complete!

.PHONY: clean
#  Implicit rule search has not been done.
#  Modification time never checked.
#  File has not been updated.

# Not a target:
src/main.o:
#  Implicit rule search has been done.
#  File does not exist.
#  File has not been updated.

# Not a target:
Makefile:
#  Implicit rule search has been done.
#  Last modified 2021-05-17 14:47:08.035836748
#  File has been updated.
#  Successfully updated.

.c.o:
#  Implicit rule search has not been done.
#  Modification time never checked.
#  File has not been updated.
#  recipe to execute (from 'Makefile', line 81):
	$(CC) $(CFLAGS) $(INCLUDES) -c $<  -o $@

# Not a target:
.DEFAULT:
#  Implicit rule search has not been done.
#  Modification time never checked.
#  File has not been updated.

run: all
#  Implicit rule search has not been done.
#  Modification time never checked.
#  File has not been updated.
#  recipe to execute (from 'Makefile', line 90):
	./$(OUTPUTMAIN)
	@echo Executing 'run: all' complete!

clean:
#  Phony target (prerequisite of .PHONY).
#  Implicit rule search has not been done.
#  File does not exist.
#  File has not been updated.
#  recipe to execute (from 'Makefile', line 85):
	$(RM) $(OUTPUTMAIN)
	$(RM) $(call FIXPATH,$(OBJECTS))
	@echo Cleanup complete!

main: src/main.o
#  Implicit rule search has not been done.
#  File does not exist.
#  File has not been updated.
#  recipe to execute (from 'Makefile', line 74):
	$(CC) $(CFLAGS) $(INCLUDES) -o $(OUTPUTMAIN) $(OBJECTS) $(LFLAGS) $(LIBS)

output:
#  Implicit rule search has not been done.
 
#  Last modified 2021-05-17 14:47:08.035836748
#  File has been updated.
#  Successfully updated.
#  recipe to execute (from 'Makefile', line 71):
	$(MD) $(OUTPUT)

# files hash-table stats:
# Load=11/1024=1%, Rehash=0, Collisions=0/30=0%
# VPATH Search Paths

# No 'vpath' search paths.

# No general ('VPATH' variable) search path.

# strcache buffers: 1 (0) / strings = 25 / storage = 200 B / avg = 8 B
# current buf: size = 8162 B / used = 200 B / count = 25 / avg = 8 B

# strcache performance: lookups = 45 / hit rate = 44%
# hash-table stats:
# Load=25/8192=0%, Rehash=0, Collisions=2/45=4%
# Finished Make data base on Mon May 17 14:47:44 2021

 
